[INFO|tablebar_LCDlogging.py:16] 2015-08-28 17:09:31,678 > Wlan IP Addr
[INFO|tablebar_LCDlogging.py:17] 2015-08-28 17:09:31,684 > 10.255.253.66
[INFO|tablebar_LCDlogging.py:18] 2015-08-28 17:09:31,688 > ================
[INFO|tablebar_LCDlogging.py:16] 2015-08-28 17:09:34,900 > 2015-08-28 Fri
[INFO|tablebar_LCDlogging.py:17] 2015-08-28 17:09:34,905 > 17:09
[INFO|tablebar_LCDlogging.py:18] 2015-08-28 17:09:34,908 > ================
[INFO|tablebar_LCDlogging.py:16] 2015-08-28 17:09:48,974 > Aug#Mon The Wed Thu Fri Sat Sun 
[INFO|tablebar_LCDlogging.py:17] 2015-08-28 17:09:48,978 > 28 # 24  25  26  27 *28  29  30 
[INFO|tablebar_LCDlogging.py:18] 2015-08-28 17:09:48,982 > ================
[INFO|tablebar_LCDlogging.py:16] 2015-08-28 17:10:04,888 > Sorry,
[INFO|tablebar_LCDlogging.py:17] 2015-08-28 17:10:04,892 > Not Game Time.
[INFO|tablebar_LCDlogging.py:18] 2015-08-28 17:10:04,896 > ================
[INFO|tablebar_LCDlogging.py:16] 2015-08-28 17:11:07,962 > Wlan IP Addr
[INFO|tablebar_LCDlogging.py:17] 2015-08-28 17:11:07,968 > 10.255.253.66
[INFO|tablebar_LCDlogging.py:18] 2015-08-28 17:11:07,972 > ================
[INFO|tablebar_LCDlogging.py:16] 2015-08-28 17:11:11,194 > 2015-08-28 Fri
[INFO|tablebar_LCDlogging.py:17] 2015-08-28 17:11:11,198 > 17:11
[INFO|tablebar_LCDlogging.py:18] 2015-08-28 17:11:11,202 > ================
[INFO|tablebar_LCDlogging.py:16] 2015-08-28 17:11:25,425 > Aug#Mon The Wed Thu Fri Sat Sun 
[INFO|tablebar_LCDlogging.py:17] 2015-08-28 17:11:25,429 > 28 # 24  25  26  27 *28  29  30 
[INFO|tablebar_LCDlogging.py:18] 2015-08-28 17:11:25,432 > ================
[INFO|tablebar_LCDlogging.py:16] 2015-08-28 17:11:36,527 > Sorry,
[INFO|tablebar_LCDlogging.py:17] 2015-08-28 17:11:36,531 > Not Game Time.
[INFO|tablebar_LCDlogging.py:18] 2015-08-28 17:11:36,535 > ================
[INFO|tablebar_LCDlogging.py:16] 2015-08-28 17:11:42,495 > Wlan IP Addr
[INFO|tablebar_LCDlogging.py:17] 2015-08-28 17:11:42,500 > 10.255.253.66
[INFO|tablebar_LCDlogging.py:18] 2015-08-28 17:11:42,504 > ================
[INFO|tablebar_LCDlogging.py:16] 2015-08-28 17:11:45,713 > 2015-08-28 Fri
[INFO|tablebar_LCDlogging.py:17] 2015-08-28 17:11:45,717 > 17:11
[INFO|tablebar_LCDlogging.py:18] 2015-08-28 17:11:45,720 > ================
