2015-08-25 17:50:01,762 - web2py.cron - DEBUG - WEB2PY CRON: Acquiring lock
2015-08-25 17:50:01,775 - web2py.cron - INFO - WEB2PY CRON (hard): myapp executing *applications/myapp/cron/tablebar.py in /usr/local/web2py at 2015-08-25 17:50:01.774770
2015-08-25 17:50:01,800 - web2py.cron - DEBUG - WEB2PY CRON: Releasing cron lock
2015-08-25 17:50:01,835 - web2py.cron - INFO - Hard cron daemon started
2015-08-25 17:51:00,040 - web2py.cron - DEBUG - hard cron invocation
2015-08-25 17:51:23,887 - web2py.cron - WARNING - WEB2PY CRON Call returned code -15:
applications/myapp/modules/lcd.py:26: RuntimeWarning: This channel is already in use, continuing anyway.  Use GPIO.setwarnings(False) to disable warnings.
  GPIO.setup(LCD_E, GPIO.OUT)  # E
applications/myapp/modules/lcd.py:27: RuntimeWarning: This channel is already in use, continuing anyway.  Use GPIO.setwarnings(False) to disable warnings.
  GPIO.setup(LCD_RS, GPIO.OUT) # RS
applications/myapp/modules/lcd.py:28: RuntimeWarning: This channel is already in use, continuing anyway.  Use GPIO.setwarnings(False) to disable warnings.
  GPIO.setup(LCD_D4, GPIO.OUT) # DB4
applications/myapp/modules/lcd.py:29: RuntimeWarning: This channel is already in use, continuing anyway.  Use GPIO.setwarnings(False) to disable warnings.
  GPIO.setup(LCD_D5, GPIO.OUT) # DB5
applications/myapp/modules/lcd.py:30: RuntimeWarning: This channel is already in use, continuing anyway.  Use GPIO.setwarnings(False) to disable warnings.
  GPIO.setup(LCD_D6, GPIO.OUT) # DB6
applications/myapp/modules/lcd.py:31: RuntimeWarning: This channel is already in use, continuing anyway.  Use GPIO.setwarnings(False) to disable warnings.
  GPIO.setup(LCD_D7, GPIO.OUT) # DB7
applications/myapp/modules/lcd.py:33: RuntimeWarning: This channel is already in use, continuing anyway.  Use GPIO.setwarnings(False) to disable warnings.
  GPIO.setup(LCD_RED, GPIO.OUT) # RED Backlight enable
applications/myapp/modules/lcd.py:34: RuntimeWarning: This channel is already in use, continuing anyway.  Use GPIO.setwarnings(False) to disable warnings.
  GPIO.setup(LCD_GREEN, GPIO.OUT) # GREEN Backlight enable
applications/myapp/modules/lcd.py:35: RuntimeWarning: This channel is already in use, continuing anyway.  Use GPIO.setwarnings(False) to disable warnings.
  GPIO.setup(LCD_BLUE, GPIO.OUT) # BLUEBacklight enable

